<?xml version="1.0" encoding="UTF-8"?>
<testsuite name="com.springboot.book.domain.posts.PostsRepositoryTest" tests="2" skipped="0" failures="0" errors="0" timestamp="2021-02-16T14:35:02" hostname="gunhoui-MacBook-Pro.local" time="0.035">
  <properties/>
  <testcase name="게시글저장_불러오기" classname="com.springboot.book.domain.posts.PostsRepositoryTest" time="0.022"/>
  <testcase name="BaseTimeEntity_등록" classname="com.springboot.book.domain.posts.PostsRepositoryTest" time="0.013"/>
  <system-out><![CDATA[2021-02-16 23:35:00.919  INFO 16446 --- [    Test worker] .b.t.c.SpringBootTestContextBootstrapper : Neither @ContextConfiguration nor @ContextHierarchy found for test class [com.springboot.book.domain.posts.PostsRepositoryTest], using SpringBootContextLoader
2021-02-16 23:35:00.920  INFO 16446 --- [    Test worker] o.s.t.c.support.AbstractContextLoader    : Could not detect default resource locations for test class [com.springboot.book.domain.posts.PostsRepositoryTest]: no resource found for suffixes {-context.xml, Context.groovy}.
2021-02-16 23:35:00.920  INFO 16446 --- [    Test worker] t.c.s.AnnotationConfigContextLoaderUtils : Could not detect default configuration classes for test class [com.springboot.book.domain.posts.PostsRepositoryTest]: PostsRepositoryTest does not declare any static, non-private, non-final, nested classes annotated with @Configuration.
2021-02-16 23:35:00.930  INFO 16446 --- [    Test worker] .b.t.c.SpringBootTestContextBootstrapper : Found @SpringBootConfiguration com.springboot.book.Application for test class com.springboot.book.domain.posts.PostsRepositoryTest
2021-02-16 23:35:00.933  INFO 16446 --- [    Test worker] .b.t.c.SpringBootTestContextBootstrapper : Loaded default TestExecutionListener class names from location [META-INF/spring.factories]: [org.springframework.boot.test.autoconfigure.restdocs.RestDocsTestExecutionListener, org.springframework.boot.test.autoconfigure.web.client.MockRestServiceServerResetTestExecutionListener, org.springframework.boot.test.autoconfigure.web.servlet.MockMvcPrintOnlyOnFailureTestExecutionListener, org.springframework.boot.test.autoconfigure.web.servlet.WebDriverTestExecutionListener, org.springframework.boot.test.mock.mockito.MockitoTestExecutionListener, org.springframework.boot.test.mock.mockito.ResetMocksTestExecutionListener, org.springframework.test.context.web.ServletTestExecutionListener, org.springframework.test.context.support.DirtiesContextBeforeModesTestExecutionListener, org.springframework.test.context.support.DependencyInjectionTestExecutionListener, org.springframework.test.context.support.DirtiesContextTestExecutionListener, org.springframework.test.context.transaction.TransactionalTestExecutionListener, org.springframework.test.context.jdbc.SqlScriptsTestExecutionListener]
2021-02-16 23:35:00.935  INFO 16446 --- [    Test worker] .b.t.c.SpringBootTestContextBootstrapper : Using TestExecutionListeners: [org.springframework.test.context.web.ServletTestExecutionListener@78e29c42, org.springframework.test.context.support.DirtiesContextBeforeModesTestExecutionListener@570ac371, org.springframework.boot.test.mock.mockito.MockitoTestExecutionListener@141cc1d0, org.springframework.boot.test.autoconfigure.SpringBootDependencyInjectionTestExecutionListener@44798f08, org.springframework.test.context.support.DirtiesContextTestExecutionListener@28951b49, org.springframework.test.context.transaction.TransactionalTestExecutionListener@29854461, org.springframework.test.context.jdbc.SqlScriptsTestExecutionListener@5b6512c0, org.springframework.boot.test.autoconfigure.restdocs.RestDocsTestExecutionListener@536cc76b, org.springframework.boot.test.autoconfigure.web.client.MockRestServiceServerResetTestExecutionListener@53a3c11c, org.springframework.boot.test.autoconfigure.web.servlet.MockMvcPrintOnlyOnFailureTestExecutionListener@50062145, org.springframework.boot.test.autoconfigure.web.servlet.WebDriverTestExecutionListener@2306ca97, org.springframework.boot.test.mock.mockito.ResetMocksTestExecutionListener@16e41603]

  .   ____          _            __ _ _
 /\\ / ___'_ __ _ _(_)_ __  __ _ \ \ \ \
( ( )\___ | '_ | '_| | '_ \/ _` | \ \ \ \
 \\/  ___)| |_)| | | | | || (_| |  ) ) ) )
  '  |____| .__|_| |_|_| |_\__, | / / / /
 =========|_|==============|___/=/_/_/_/
 :: Spring Boot ::        (v2.1.7.RELEASE)

2021-02-16 23:35:00.981  INFO 16446 --- [    Test worker] c.s.b.domain.posts.PostsRepositoryTest   : Starting PostsRepositoryTest on gunhoui-MacBook-Pro.local with PID 16446 (started by gun in /Users/gun/springboot)
2021-02-16 23:35:00.982  INFO 16446 --- [    Test worker] c.s.b.domain.posts.PostsRepositoryTest   : The following profiles are active: oauth
2021-02-16 23:35:01.158  INFO 16446 --- [    Test worker] .s.d.r.c.RepositoryConfigurationDelegate : Bootstrapping Spring Data repositories in DEFAULT mode.
2021-02-16 23:35:01.189  INFO 16446 --- [    Test worker] .s.d.r.c.RepositoryConfigurationDelegate : Finished Spring Data repository scanning in 30ms. Found 2 repository interfaces.
2021-02-16 23:35:01.363  INFO 16446 --- [    Test worker] trationDelegate$BeanPostProcessorChecker : Bean 'org.springframework.transaction.annotation.ProxyTransactionManagementConfiguration' of type [org.springframework.transaction.annotation.ProxyTransactionManagementConfiguration$$EnhancerBySpringCGLIB$$9ec16703] is not eligible for getting processed by all BeanPostProcessors (for example: not eligible for auto-proxying)
2021-02-16 23:35:01.459  INFO 16446 --- [    Test worker] com.zaxxer.hikari.HikariDataSource       : HikariPool-2 - Starting...
2021-02-16 23:35:01.461  INFO 16446 --- [    Test worker] com.zaxxer.hikari.HikariDataSource       : HikariPool-2 - Start completed.
2021-02-16 23:35:01.483  INFO 16446 --- [    Test worker] o.hibernate.jpa.internal.util.LogHelper  : HHH000204: Processing PersistenceUnitInfo [
	name: default
	...]
2021-02-16 23:35:01.492  INFO 16446 --- [    Test worker] org.hibernate.dialect.Dialect            : HHH000400: Using dialect: org.hibernate.dialect.MySQL5Dialect
Hibernate: drop table if exists posts
Hibernate: drop table if exists user
Hibernate: create table posts (id bigint not null auto_increment, create_date datetime, modified_date datetime, author varchar(255), content TEXT not null, title varchar(500) not null, primary key (id)) engine=MyISAM
Hibernate: create table user (id bigint not null auto_increment, create_date datetime, modified_date datetime, email varchar(255) not null, name varchar(255) not null, picture varchar(255), role varchar(255) not null, primary key (id)) engine=MyISAM
2021-02-16 23:35:01.548  INFO 16446 --- [    Test worker] o.h.t.schema.internal.SchemaCreatorImpl  : HHH000476: Executing import script 'org.hibernate.tool.schema.internal.exec.ScriptSourceInputNonExistentImpl@3bbd291f'
2021-02-16 23:35:01.548  INFO 16446 --- [    Test worker] j.LocalContainerEntityManagerFactoryBean : Initialized JPA EntityManagerFactory for persistence unit 'default'
2021-02-16 23:35:01.740  INFO 16446 --- [    Test worker] o.h.h.i.QueryTranslatorFactoryInitiator  : HHH000397: Using ASTQueryTranslatorFactory
2021-02-16 23:35:01.891  INFO 16446 --- [    Test worker] o.s.s.web.DefaultSecurityFilterChain     : Creating filter chain: any request, [org.springframework.security.web.context.request.async.WebAsyncManagerIntegrationFilter@190d0092, org.springframework.security.web.context.SecurityContextPersistenceFilter@129ebb67, org.springframework.security.web.header.HeaderWriterFilter@db1d2af, org.springframework.security.web.csrf.CsrfFilter@7475c10e, org.springframework.security.web.authentication.logout.LogoutFilter@44b9e504, org.springframework.security.web.authentication.UsernamePasswordAuthenticationFilter@b7c79e3, org.springframework.security.web.authentication.ui.DefaultLoginPageGeneratingFilter@231b2783, org.springframework.security.web.authentication.ui.DefaultLogoutPageGeneratingFilter@3fbe8aae, org.springframework.security.web.authentication.www.BasicAuthenticationFilter@66da4cd4, org.springframework.security.web.savedrequest.RequestCacheAwareFilter@2370f03b, org.springframework.security.web.servletapi.SecurityContextHolderAwareRequestFilter@20d77a50, org.springframework.security.web.authentication.AnonymousAuthenticationFilter@57654fdb, org.springframework.security.web.session.SessionManagementFilter@48b97ecf, org.springframework.security.web.access.ExceptionTranslationFilter@6b2b5e99, org.springframework.security.web.access.intercept.FilterSecurityInterceptor@ab58411]
2021-02-16 23:35:02.246  INFO 16446 --- [    Test worker] o.s.s.concurrent.ThreadPoolTaskExecutor  : Initializing ExecutorService 'applicationTaskExecutor'
2021-02-16 23:35:02.261  WARN 16446 --- [    Test worker] aWebConfiguration$JpaWebMvcConfiguration : spring.jpa.open-in-view is enabled by default. Therefore, database queries may be performed during view rendering. Explicitly configure spring.jpa.open-in-view to disable this warning
2021-02-16 23:35:02.307  INFO 16446 --- [    Test worker] o.s.b.a.w.s.WelcomePageHandlerMapping    : Adding welcome page template: index
2021-02-16 23:35:02.690  INFO 16446 --- [    Test worker] s.a.ScheduledAnnotationBeanPostProcessor : No TaskScheduler/ScheduledExecutorService bean found for scheduled processing
2021-02-16 23:35:02.691  INFO 16446 --- [    Test worker] c.s.b.domain.posts.PostsRepositoryTest   : Started PostsRepositoryTest in 1.752 seconds (JVM running for 10.627)
Hibernate: insert into posts (create_date, modified_date, author, content, title) values (?, ?, ?, ?, ?)
Hibernate: select posts0_.id as id1_0_, posts0_.create_date as create_d2_0_, posts0_.modified_date as modified3_0_, posts0_.author as author4_0_, posts0_.content as content5_0_, posts0_.title as title6_0_ from posts posts0_
Hibernate: select posts0_.id as id1_0_, posts0_.create_date as create_d2_0_, posts0_.modified_date as modified3_0_, posts0_.author as author4_0_, posts0_.content as content5_0_, posts0_.title as title6_0_ from posts posts0_
Hibernate: delete from posts where id=?
Hibernate: insert into posts (create_date, modified_date, author, content, title) values (?, ?, ?, ?, ?)
Hibernate: select posts0_.id as id1_0_, posts0_.create_date as create_d2_0_, posts0_.modified_date as modified3_0_, posts0_.author as author4_0_, posts0_.content as content5_0_, posts0_.title as title6_0_ from posts posts0_
Hibernate: select posts0_.id as id1_0_, posts0_.create_date as create_d2_0_, posts0_.modified_date as modified3_0_, posts0_.author as author4_0_, posts0_.content as content5_0_, posts0_.title as title6_0_ from posts posts0_
Hibernate: delete from posts where id=?
]]></system-out>
  <system-err><![CDATA[]]></system-err>
</testsuite>
